
> pro@0.0.0 start /home/node/app
> npm-run-all --parallel start:frontend start:server


> pro@0.0.0 start:server /home/node/app
> nodemon ./backend/server.js


> pro@0.0.0 start:frontend /home/node/app
> ng serve

[33m[nodemon] 2.0.15[39m
[33m[nodemon] to restart at any time, enter `rs`[39m
[33m[nodemon] watching path(s): *.*[39m
[33m[nodemon] watching extensions: js,mjs,json[39m
[32m[nodemon] starting `node ./backend/server.js`[39m
MongoError: certificate validation failed
    at MessageStream.messageHandler (/home/node/app/backend/node_modules/mongodb/lib/cmap/connection.js:299:20)
    at MessageStream.emit (events.js:400:28)
    at processIncomingData (/home/node/app/backend/node_modules/mongodb/lib/cmap/message_stream.js:144:12)
    at MessageStream._write (/home/node/app/backend/node_modules/mongodb/lib/cmap/message_stream.js:42:5)
    at writeOrBuffer (internal/streams/writable.js:358:12)
    at MessageStream.Writable.write (internal/streams/writable.js:303:10)
    at TLSSocket.ondata (internal/streams/readable.js:731:22)
    at TLSSocket.emit (events.js:400:28)
    at addChunk (internal/streams/readable.js:293:12)
    at readableAddChunk (internal/streams/readable.js:267:9)
    at TLSSocket.Readable.push (internal/streams/readable.js:206:10)
    at TLSWrap.onStreamRead (internal/stream_base_commons.js:188:23) {
  ok: 0,
  code: 8000,
  codeName: 'AtlasError'
}
connection failed! 
